<?xml version="1.0" encoding="UTF-8"?>
<testsuite xmlns:xsi="http://www.w3.org/2001/XMLSchema-instance" xsi:noNamespaceSchemaLocation="https://maven.apache.org/surefire/maven-surefire-plugin/xsd/surefire-test-report.xsd" name="makkajai.ReceiptGeneratorTest" time="0.06" tests="4" errors="0" skipped="0" failures="0">
  <properties>
[...]
</properties>
  <testcase name="test1" classname="makkajai.ReceiptGeneratorTest" time="0.01"/>
  <testcase name="test2" classname="makkajai.ReceiptGeneratorTest" time="0"/>
  <testcase name="test3" classname="makkajai.ReceiptGeneratorTest" time="0"/>
  <testcase name="test4" classname="makkajai.ReceiptGeneratorTest" time="0.003"/>
</testsuite>